<?xml version="1.0" encoding="UTF-8"?>
<!-- Generated by org.testng.reporters.JUnitXMLReporter -->
<testsuite ignored="0" hostname="MANISH-PC" failures="0" tests="3" name="Test2" time="65.327" errors="0" timestamp="2022-02-03T21:46:54 IST">
  <testcase classname="com.testPack.TestNGClassForActTimeHome" name="loginTextVerification" time="1.67"/>
  <testcase classname="com.testPack.TestNGClassForActTimeHome" name="loginCredVerification" time="0.96"/>
  <testcase classname="com.testPack.TestNGClassForActTimeHeader" name="verifyThatTimeTrackText" time="14.52"/>
</testsuite> <!-- Test2 -->
