<?xml version="1.0" encoding="UTF-8"?>
<!-- Generated by org.testng.reporters.JUnitXMLReporter -->
<testsuite ignored="0" hostname="MANISH-PC" failures="0" tests="3" name="Test1" time="39.344" errors="0" timestamp="2022-02-01T08:59:20 IST">
  <testcase classname="com.testPack.TestNGClassForActTimeHome" name="loginTextVerification" time="7.769"/>
  <testcase classname="com.testPack.TestNGClassForActTimeHome" name="loginCredVerification" time="0.643"/>
  <testcase classname="com.testPack.TestNGClassForActTimeHeader" name="verifyThatTimeTrackText" time="3.486"/>
</testsuite> <!-- Test1 -->
