<?xml version="1.0" encoding="UTF-8"?>
<testng-results ignored="0" total="3" passed="3" failed="0" skipped="0">
  <reporter-output>
  </reporter-output>
  <suite started-at="2022-02-03T21:45:49 IST" name="ActTimeSuite" finished-at="2022-02-03T21:46:54 IST" duration-ms="65327">
    <groups>
    </groups>
    <test started-at="2022-02-03T21:45:49 IST" name="Test2" finished-at="2022-02-03T21:46:54 IST" duration-ms="65327">
      <class name="com.testPack.TestNGClassForActTimeHeader">
        <test-method is-config="true" signature="beforeSuit()[pri:0, instance:com.testPack.TestNGClassForActTimeHeader@696da30b]" started-at="2022-02-03T21:45:49 IST" name="beforeSuit" finished-at="2022-02-03T21:45:49 IST" duration-ms="14" status="PASS">
          <reporter-output>
          </reporter-output>
        </test-method> <!-- beforeSuit -->
        <test-method is-config="true" signature="launchBrowser(java.lang.String)[pri:0, instance:com.testPack.TestNGClassForActTimeHeader@696da30b]" started-at="2022-02-03T21:45:49 IST" name="launchBrowser" finished-at="2022-02-03T21:46:04 IST" duration-ms="15383" status="PASS">
          <params>
            <param index="0">
              <value>
                <![CDATA[chrome]]>
              </value>
            </param>
          </params>
          <reporter-output>
          </reporter-output>
        </test-method> <!-- launchBrowser -->
        <test-method is-config="true" signature="beforeClass()[pri:0, instance:com.testPack.TestNGClassForActTimeHeader@696da30b]" started-at="2022-02-03T21:46:39 IST" name="beforeClass" finished-at="2022-02-03T21:46:39 IST" duration-ms="0" status="PASS">
          <reporter-output>
          </reporter-output>
        </test-method> <!-- beforeClass -->
        <test-method is-config="true" signature="beforeMethod()[pri:0, instance:com.testPack.TestNGClassForActTimeHeader@696da30b]" started-at="2022-02-03T21:46:39 IST" name="beforeMethod" finished-at="2022-02-03T21:46:39 IST" duration-ms="0" status="PASS">
          <reporter-output>
          </reporter-output>
        </test-method> <!-- beforeMethod -->
        <test-method signature="verifyThatTimeTrackText()[pri:0, instance:com.testPack.TestNGClassForActTimeHeader@696da30b]" started-at="2022-02-03T21:46:39 IST" name="verifyThatTimeTrackText" finished-at="2022-02-03T21:46:54 IST" duration-ms="14520" status="PASS">
          <reporter-output>
          </reporter-output>
        </test-method> <!-- verifyThatTimeTrackText -->
        <test-method is-config="true" signature="afterMethod()[pri:0, instance:com.testPack.TestNGClassForActTimeHeader@696da30b]" started-at="2022-02-03T21:46:54 IST" name="afterMethod" finished-at="2022-02-03T21:46:54 IST" duration-ms="175" status="PASS">
          <reporter-output>
          </reporter-output>
        </test-method> <!-- afterMethod -->
        <test-method is-config="true" signature="afterTest()[pri:0, instance:com.testPack.TestNGClassForActTimeHeader@696da30b]" started-at="2022-02-03T21:46:54 IST" name="afterTest" finished-at="2022-02-03T21:46:54 IST" duration-ms="0" status="PASS">
          <reporter-output>
          </reporter-output>
        </test-method> <!-- afterTest -->
        <test-method is-config="true" signature="afterSuit()[pri:0, instance:com.testPack.TestNGClassForActTimeHeader@696da30b]" started-at="2022-02-03T21:46:54 IST" name="afterSuit" finished-at="2022-02-03T21:46:54 IST" duration-ms="4" status="PASS">
          <reporter-output>
          </reporter-output>
        </test-method> <!-- afterSuit -->
      </class> <!-- com.testPack.TestNGClassForActTimeHeader -->
      <class name="com.testPack.TestNGClassForActTimeHome">
        <test-method is-config="true" signature="beforeSuit()[pri:0, instance:com.testPack.TestNGClassForActTimeHome@5fd4f8f5]" started-at="2022-02-03T21:45:49 IST" name="beforeSuit" finished-at="2022-02-03T21:45:49 IST" duration-ms="1" status="PASS">
          <reporter-output>
          </reporter-output>
        </test-method> <!-- beforeSuit -->
        <test-method is-config="true" signature="launchBrowser(java.lang.String)[pri:0, instance:com.testPack.TestNGClassForActTimeHome@5fd4f8f5]" started-at="2022-02-03T21:46:04 IST" name="launchBrowser" finished-at="2022-02-03T21:46:36 IST" duration-ms="32195" status="PASS">
          <params>
            <param index="0">
              <value>
                <![CDATA[chrome]]>
              </value>
            </param>
          </params>
          <reporter-output>
          </reporter-output>
        </test-method> <!-- launchBrowser -->
        <test-method is-config="true" signature="beforeClass()[pri:0, instance:com.testPack.TestNGClassForActTimeHome@5fd4f8f5]" started-at="2022-02-03T21:46:36 IST" name="beforeClass" finished-at="2022-02-03T21:46:36 IST" duration-ms="1" status="PASS">
          <reporter-output>
          </reporter-output>
        </test-method> <!-- beforeClass -->
        <test-method is-config="true" signature="beforeMethod()[pri:0, instance:com.testPack.TestNGClassForActTimeHome@5fd4f8f5]" started-at="2022-02-03T21:46:36 IST" name="beforeMethod" finished-at="2022-02-03T21:46:36 IST" duration-ms="3" status="PASS">
          <reporter-output>
          </reporter-output>
        </test-method> <!-- beforeMethod -->
        <test-method signature="loginTextVerification()[pri:1, instance:com.testPack.TestNGClassForActTimeHome@5fd4f8f5]" started-at="2022-02-03T21:46:36 IST" name="loginTextVerification" finished-at="2022-02-03T21:46:38 IST" duration-ms="1670" status="PASS">
          <reporter-output>
          </reporter-output>
        </test-method> <!-- loginTextVerification -->
        <test-method is-config="true" signature="afterMethod()[pri:0, instance:com.testPack.TestNGClassForActTimeHome@5fd4f8f5]" started-at="2022-02-03T21:46:38 IST" name="afterMethod" finished-at="2022-02-03T21:46:38 IST" duration-ms="176" status="PASS">
          <reporter-output>
          </reporter-output>
        </test-method> <!-- afterMethod -->
        <test-method is-config="true" signature="beforeMethod()[pri:0, instance:com.testPack.TestNGClassForActTimeHome@5fd4f8f5]" started-at="2022-02-03T21:46:38 IST" name="beforeMethod" finished-at="2022-02-03T21:46:38 IST" duration-ms="1" status="PASS">
          <reporter-output>
          </reporter-output>
        </test-method> <!-- beforeMethod -->
        <test-method signature="loginCredVerification()[pri:2, instance:com.testPack.TestNGClassForActTimeHome@5fd4f8f5]" started-at="2022-02-03T21:46:38 IST" name="loginCredVerification" finished-at="2022-02-03T21:46:39 IST" duration-ms="960" status="PASS">
          <reporter-output>
          </reporter-output>
        </test-method> <!-- loginCredVerification -->
        <test-method is-config="true" signature="afterMethod()[pri:0, instance:com.testPack.TestNGClassForActTimeHome@5fd4f8f5]" started-at="2022-02-03T21:46:39 IST" name="afterMethod" finished-at="2022-02-03T21:46:39 IST" duration-ms="178" status="PASS">
          <reporter-output>
          </reporter-output>
        </test-method> <!-- afterMethod -->
        <test-method is-config="true" signature="afterClass()[pri:0, instance:com.testPack.TestNGClassForActTimeHome@5fd4f8f5]" started-at="2022-02-03T21:46:39 IST" name="afterClass" finished-at="2022-02-03T21:46:39 IST" duration-ms="1" status="PASS">
          <reporter-output>
          </reporter-output>
        </test-method> <!-- afterClass -->
        <test-method is-config="true" signature="afterTest()[pri:0, instance:com.testPack.TestNGClassForActTimeHome@5fd4f8f5]" started-at="2022-02-03T21:46:54 IST" name="afterTest" finished-at="2022-02-03T21:46:54 IST" duration-ms="0" status="PASS">
          <reporter-output>
          </reporter-output>
        </test-method> <!-- afterTest -->
        <test-method is-config="true" signature="afterSuit()[pri:0, instance:com.testPack.TestNGClassForActTimeHome@5fd4f8f5]" started-at="2022-02-03T21:46:54 IST" name="afterSuit" finished-at="2022-02-03T21:46:54 IST" duration-ms="1" status="PASS">
          <reporter-output>
          </reporter-output>
        </test-method> <!-- afterSuit -->
      </class> <!-- com.testPack.TestNGClassForActTimeHome -->
    </test> <!-- Test2 -->
  </suite> <!-- ActTimeSuite -->
</testng-results>
